<?xml version="1.0" encoding="UTF-8"?>
<!-- Generated by org.testng.reporters.JUnitReportReporter -->
<testsuite hostname="badabeeddccfaccacaeefddadedebfeeccfcae-0" failures="0" tests="3" name="testcases.Testcase1" time="42.387" errors="0" timestamp="2023-08-17T14:52:48 UTC" skipped="0">
  <testcase classname="testcases.Testcase1" name="TestTodaysDeal" time="8.030"/>
  <testcase classname="testcases.Testcase1" name="TestProductClick" time="12.206"/>
  <testcase classname="testcases.Testcase1" name="AddCartTest" time="22.151"/>
</testsuite> <!-- testcases.Testcase1 -->
