<?xml version="1.0" encoding="UTF-8"?>
<!-- Generated by org.testng.reporters.JUnitReportReporter -->
<testsuite hostname="badabeeddccfaccacaeefddadedebfeeccfcae-0" failures="0" tests="3" name="testcases.Testcase1" time="49.533" errors="0" timestamp="2023-08-17T13:53:30 UTC" skipped="0">
  <testcase classname="testcases.Testcase1" name="TestTodaysDeal" time="9.983"/>
  <testcase classname="testcases.Testcase1" name="TestProductClick" time="13.943"/>
  <testcase classname="testcases.Testcase1" name="AddCartTest" time="25.607"/>
</testsuite> <!-- testcases.Testcase1 -->
