<?xml version="1.0" encoding="UTF-8"?>
<!-- Generated by org.testng.reporters.JUnitReportReporter -->
<testsuite hostname="badabeeddccfaccacaeefddadedebfeeccfcae-0" failures="0" tests="3" name="testcases.Testcase1" time="49.449" errors="0" timestamp="2023-08-17T14:00:28 UTC" skipped="0">
  <testcase classname="testcases.Testcase1" name="TestTodaysDeal" time="10.329"/>
  <testcase classname="testcases.Testcase1" name="TestProductClick" time="15.996"/>
  <testcase classname="testcases.Testcase1" name="AddCartTest" time="23.124"/>
</testsuite> <!-- testcases.Testcase1 -->
