<?xml version="1.0" encoding="UTF-8"?>
<!-- Generated by org.testng.reporters.JUnitReportReporter -->
<testsuite hostname="badabeeddccfaccacaeefddadedebfeeccfcae-0" failures="0" tests="3" name="testcases.Testcase1" time="51.209" errors="0" timestamp="2023-08-17T13:43:07 UTC" skipped="0">
  <testcase classname="testcases.Testcase1" name="TestTodaysDeal" time="11.346"/>
  <testcase classname="testcases.Testcase1" name="TestProductClick" time="16.419"/>
  <testcase classname="testcases.Testcase1" name="AddCartTest" time="23.444"/>
</testsuite> <!-- testcases.Testcase1 -->
